<?xml version="1.0" encoding="UTF-8"?>
<testsuite xmlns:xsi="http://www.w3.org/2001/XMLSchema-instance" xsi:noNamespaceSchemaLocation="https://maven.apache.org/surefire/maven-surefire-plugin/xsd/surefire-test-report-3.0.xsd" version="3.0" name="TestSuite" time="49.64" tests="1" errors="0" skipped="0" failures="0">
  <properties>
    <property name="sun.desktop" value="windows"/>
    <property name="awt.toolkit" value="sun.awt.windows.WToolkit"/>
    <property name="file.encoding.pkg" value="sun.io"/>
    <property name="java.specification.version" value="1.8"/>
    <property name="webdriver.chrome.driver" value="C:\Users\amit.yadav.ext\.cache\selenium\chromedriver\win64\120.0.6099.109\chromedriver.exe"/>
    <property name="sun.cpu.isalist" value="amd64"/>
    <property name="sun.jnu.encoding" value="Cp1252"/>
    <property name="java.class.path" value="C:\Users\amit.yadav.ext\git\selenium-studentportal\target\test-classes;C:\Users\amit.yadav.ext\git\selenium-studentportal\target\classes;C:\Users\amit.yadav.ext\.m2\repository\junit\junit\3.8.1\junit-3.8.1.jar;C:\Users\amit.yadav.ext\.m2\repository\org\seleniumhq\selenium\selenium-java\3.14.0\selenium-java-3.14.0.jar;C:\Users\amit.yadav.ext\.m2\repository\org\seleniumhq\selenium\selenium-api\3.14.0\selenium-api-3.14.0.jar;C:\Users\amit.yadav.ext\.m2\repository\org\seleniumhq\selenium\selenium-chrome-driver\3.14.0\selenium-chrome-driver-3.14.0.jar;C:\Users\amit.yadav.ext\.m2\repository\org\seleniumhq\selenium\selenium-edge-driver\3.14.0\selenium-edge-driver-3.14.0.jar;C:\Users\amit.yadav.ext\.m2\repository\org\seleniumhq\selenium\selenium-firefox-driver\3.14.0\selenium-firefox-driver-3.14.0.jar;C:\Users\amit.yadav.ext\.m2\repository\org\seleniumhq\selenium\selenium-ie-driver\3.14.0\selenium-ie-driver-3.14.0.jar;C:\Users\amit.yadav.ext\.m2\repository\org\seleniumhq\selenium\selenium-opera-driver\3.14.0\selenium-opera-driver-3.14.0.jar;C:\Users\amit.yadav.ext\.m2\repository\org\seleniumhq\selenium\selenium-remote-driver\3.14.0\selenium-remote-driver-3.14.0.jar;C:\Users\amit.yadav.ext\.m2\repository\org\seleniumhq\selenium\selenium-safari-driver\3.14.0\selenium-safari-driver-3.14.0.jar;C:\Users\amit.yadav.ext\.m2\repository\org\seleniumhq\selenium\selenium-support\3.14.0\selenium-support-3.14.0.jar;C:\Users\amit.yadav.ext\.m2\repository\net\bytebuddy\byte-buddy\1.8.15\byte-buddy-1.8.15.jar;C:\Users\amit.yadav.ext\.m2\repository\org\apache\commons\commons-exec\1.3\commons-exec-1.3.jar;C:\Users\amit.yadav.ext\.m2\repository\commons-codec\commons-codec\1.10\commons-codec-1.10.jar;C:\Users\amit.yadav.ext\.m2\repository\commons-logging\commons-logging\1.2\commons-logging-1.2.jar;C:\Users\amit.yadav.ext\.m2\repository\com\google\guava\guava\25.0-jre\guava-25.0-jre.jar;C:\Users\amit.yadav.ext\.m2\repository\com\google\code\findbugs\jsr305\1.3.9\jsr305-1.3.9.jar;C:\Users\amit.yadav.ext\.m2\repository\org\checkerframework\checker-compat-qual\2.0.0\checker-compat-qual-2.0.0.jar;C:\Users\amit.yadav.ext\.m2\repository\com\google\errorprone\error_prone_annotations\2.1.3\error_prone_annotations-2.1.3.jar;C:\Users\amit.yadav.ext\.m2\repository\com\google\j2objc\j2objc-annotations\1.1\j2objc-annotations-1.1.jar;C:\Users\amit.yadav.ext\.m2\repository\org\codehaus\mojo\animal-sniffer-annotations\1.14\animal-sniffer-annotations-1.14.jar;C:\Users\amit.yadav.ext\.m2\repository\org\apache\httpcomponents\httpclient\4.5.5\httpclient-4.5.5.jar;C:\Users\amit.yadav.ext\.m2\repository\org\apache\httpcomponents\httpcore\4.4.9\httpcore-4.4.9.jar;C:\Users\amit.yadav.ext\.m2\repository\com\squareup\okhttp3\okhttp\3.10.0\okhttp-3.10.0.jar;C:\Users\amit.yadav.ext\.m2\repository\com\squareup\okio\okio\1.14.1\okio-1.14.1.jar;C:\Users\amit.yadav.ext\.m2\repository\io\github\bonigarcia\webdrivermanager\5.5.3\webdrivermanager-5.5.3.jar;C:\Users\amit.yadav.ext\.m2\repository\org\slf4j\slf4j-api\2.0.7\slf4j-api-2.0.7.jar;C:\Users\amit.yadav.ext\.m2\repository\com\google\code\gson\gson\2.10.1\gson-2.10.1.jar;C:\Users\amit.yadav.ext\.m2\repository\com\github\docker-java\docker-java\3.3.3\docker-java-3.3.3.jar;C:\Users\amit.yadav.ext\.m2\repository\com\github\docker-java\docker-java-core\3.3.3\docker-java-core-3.3.3.jar;C:\Users\amit.yadav.ext\.m2\repository\com\github\docker-java\docker-java-api\3.3.3\docker-java-api-3.3.3.jar;C:\Users\amit.yadav.ext\.m2\repository\com\fasterxml\jackson\core\jackson-annotations\2.10.3\jackson-annotations-2.10.3.jar;C:\Users\amit.yadav.ext\.m2\repository\org\apache\commons\commons-compress\1.21\commons-compress-1.21.jar;C:\Users\amit.yadav.ext\.m2\repository\com\fasterxml\jackson\core\jackson-databind\2.10.3\jackson-databind-2.10.3.jar;C:\Users\amit.yadav.ext\.m2\repository\com\fasterxml\jackson\core\jackson-core\2.10.3\jackson-core-2.10.3.jar;C:\Users\amit.yadav.ext\.m2\repository\org\bouncycastle\bcpkix-jdk18on\1.75\bcpkix-jdk18on-1.75.jar;C:\Users\amit.yadav.ext\.m2\repository\org\bouncycastle\bcprov-jdk18on\1.75\bcprov-jdk18on-1.75.jar;C:\Users\amit.yadav.ext\.m2\repository\org\bouncycastle\bcutil-jdk18on\1.75\bcutil-jdk18on-1.75.jar;C:\Users\amit.yadav.ext\.m2\repository\org\slf4j\jcl-over-slf4j\1.7.30\jcl-over-slf4j-1.7.30.jar;C:\Users\amit.yadav.ext\.m2\repository\com\github\docker-java\docker-java-transport-httpclient5\3.3.3\docker-java-transport-httpclient5-3.3.3.jar;C:\Users\amit.yadav.ext\.m2\repository\com\github\docker-java\docker-java-transport\3.3.3\docker-java-transport-3.3.3.jar;C:\Users\amit.yadav.ext\.m2\repository\net\java\dev\jna\jna\5.12.1\jna-5.12.1.jar;C:\Users\amit.yadav.ext\.m2\repository\org\brotli\dec\0.1.2\dec-0.1.2.jar;C:\Users\amit.yadav.ext\.m2\repository\org\apache\httpcomponents\client5\httpclient5\5.2.1\httpclient5-5.2.1.jar;C:\Users\amit.yadav.ext\.m2\repository\org\apache\httpcomponents\core5\httpcore5\5.2\httpcore5-5.2.jar;C:\Users\amit.yadav.ext\.m2\repository\org\apache\httpcomponents\core5\httpcore5-h2\5.2\httpcore5-h2-5.2.jar;C:\Users\amit.yadav.ext\.m2\repository\org\testng\testng\6.14.3\testng-6.14.3.jar;C:\Users\amit.yadav.ext\.m2\repository\com\beust\jcommander\1.72\jcommander-1.72.jar;C:\Users\amit.yadav.ext\.m2\repository\org\apache-extras\beanshell\bsh\2.0b6\bsh-2.0b6.jar;C:\Users\amit.yadav.ext\.m2\repository\org\apache\poi\poi\3.17\poi-3.17.jar;C:\Users\amit.yadav.ext\.m2\repository\org\apache\commons\commons-collections4\4.1\commons-collections4-4.1.jar;C:\Users\amit.yadav.ext\.m2\repository\org\apache\poi\poi-ooxml\3.17\poi-ooxml-3.17.jar;C:\Users\amit.yadav.ext\.m2\repository\org\apache\poi\poi-ooxml-schemas\3.17\poi-ooxml-schemas-3.17.jar;C:\Users\amit.yadav.ext\.m2\repository\org\apache\xmlbeans\xmlbeans\2.6.0\xmlbeans-2.6.0.jar;C:\Users\amit.yadav.ext\.m2\repository\stax\stax-api\1.0.1\stax-api-1.0.1.jar;C:\Users\amit.yadav.ext\.m2\repository\com\github\virtuald\curvesapi\1.04\curvesapi-1.04.jar;C:\Users\amit.yadav.ext\.m2\repository\com\aventstack\extentreports\3.1.5\extentreports-3.1.5.jar;C:\Users\amit.yadav.ext\.m2\repository\org\freemarker\freemarker\2.3.23\freemarker-2.3.23.jar;C:\Users\amit.yadav.ext\.m2\repository\org\mongodb\mongodb-driver\3.3.0\mongodb-driver-3.3.0.jar;C:\Users\amit.yadav.ext\.m2\repository\org\mongodb\bson\3.3.0\bson-3.3.0.jar;C:\Users\amit.yadav.ext\.m2\repository\org\mongodb\mongodb-driver-core\3.3.0\mongodb-driver-core-3.3.0.jar;C:\Users\amit.yadav.ext\.m2\repository\org\apache\httpcomponents\httpmime\4.5.2\httpmime-4.5.2.jar;C:\Users\amit.yadav.ext\.m2\repository\org\jsoup\jsoup\1.9.2\jsoup-1.9.2.jar;C:\Users\amit.yadav.ext\.m2\repository\org\apache\commons\commons-lang3\3.12.0\commons-lang3-3.12.0.jar;C:\Users\amit.yadav.ext\.m2\repository\commons-io\commons-io\2.4\commons-io-2.4.jar;C:\Users\amit.yadav.ext\.m2\repository\org\sikuli\sikuli-api\1.2.0\sikuli-api-1.2.0.jar;C:\Users\amit.yadav.ext\.m2\repository\org\sikuli\sikuli-core\1.2.2\sikuli-core-1.2.2.jar;C:\Users\amit.yadav.ext\.m2\repository\org\bytedeco\javacpp\0.9\javacpp-0.9.jar;C:\Users\amit.yadav.ext\.m2\repository\org\bytedeco\javacpp-presets\opencv\2.4.9-0.9\opencv-2.4.9-0.9.jar;C:\Users\amit.yadav.ext\.m2\repository\org\piccolo2d\piccolo2d-extras\1.3.1\piccolo2d-extras-1.3.1.jar;C:\Users\amit.yadav.ext\.m2\repository\org\piccolo2d\piccolo2d-core\1.3.1\piccolo2d-core-1.3.1.jar;C:\Users\amit.yadav.ext\.m2\repository\log4j\log4j\1.2.17\log4j-1.2.17.jar;C:\Users\amit.yadav.ext\.m2\repository\org\springframework\spring-core\4.3.6.RELEASE\spring-core-4.3.6.RELEASE.jar;C:\Users\amit.yadav.ext\.m2\repository\org\springframework\spring-context\4.3.6.RELEASE\spring-context-4.3.6.RELEASE.jar;C:\Users\amit.yadav.ext\.m2\repository\org\springframework\spring-aop\4.3.6.RELEASE\spring-aop-4.3.6.RELEASE.jar;C:\Users\amit.yadav.ext\.m2\repository\org\springframework\spring-beans\4.3.6.RELEASE\spring-beans-4.3.6.RELEASE.jar;C:\Users\amit.yadav.ext\.m2\repository\org\springframework\spring-expression\4.3.6.RELEASE\spring-expression-4.3.6.RELEASE.jar;C:\Users\amit.yadav.ext\.m2\repository\org\springframework\spring-jdbc\4.3.6.RELEASE\spring-jdbc-4.3.6.RELEASE.jar;C:\Users\amit.yadav.ext\.m2\repository\org\springframework\spring-tx\4.3.6.RELEASE\spring-tx-4.3.6.RELEASE.jar;C:\Users\amit.yadav.ext\.m2\repository\com\mysql\mysql-connector-j\8.0.32\mysql-connector-j-8.0.32.jar;C:\Users\amit.yadav.ext\.m2\repository\com\google\protobuf\protobuf-java\3.21.9\protobuf-java-3.21.9.jar;C:\Users\amit.yadav.ext\.m2\repository\org\openjfx\javafx-controls\17\javafx-controls-17.jar;C:\Users\amit.yadav.ext\.m2\repository\org\openjfx\javafx-controls\17\javafx-controls-17-win.jar;C:\Users\amit.yadav.ext\.m2\repository\org\openjfx\javafx-graphics\17\javafx-graphics-17.jar;C:\Users\amit.yadav.ext\.m2\repository\org\openjfx\javafx-graphics\17\javafx-graphics-17-win.jar;C:\Users\amit.yadav.ext\.m2\repository\org\openjfx\javafx-base\17\javafx-base-17.jar;C:\Users\amit.yadav.ext\.m2\repository\org\openjfx\javafx-base\17\javafx-base-17-win.jar;"/>
    <property name="java.vm.vendor" value="Oracle Corporation"/>
    <property name="sun.arch.data.model" value="64"/>
    <property name="user.variant" value=""/>
    <property name="java.vendor.url" value="http://java.oracle.com/"/>
    <property name="user.timezone" value="Asia/Calcutta"/>
    <property name="java.vm.specification.version" value="1.8"/>
    <property name="os.name" value="Windows 10"/>
    <property name="user.country" value="IN"/>
    <property name="sun.java.launcher" value="SUN_STANDARD"/>
    <property name="sun.boot.library.path" value="C:\Program Files\Java\jdk1.8.0_121\jre\bin"/>
    <property name="sun.java.command" value="C:\Users\amit.yadav.ext\AppData\Local\Temp\surefire3440830075707483056\surefirebooter-20240104125628938_3.jar C:\Users\amit.yadav.ext\AppData\Local\Temp\surefire3440830075707483056 2024-01-04T12-56-28_787-jvmRun1 surefire-20240104125628938_1tmp surefire_0-20240104125628938_2tmp"/>
    <property name="surefire.test.class.path" value="C:\Users\amit.yadav.ext\git\selenium-studentportal\target\test-classes;C:\Users\amit.yadav.ext\git\selenium-studentportal\target\classes;C:\Users\amit.yadav.ext\.m2\repository\junit\junit\3.8.1\junit-3.8.1.jar;C:\Users\amit.yadav.ext\.m2\repository\org\seleniumhq\selenium\selenium-java\3.14.0\selenium-java-3.14.0.jar;C:\Users\amit.yadav.ext\.m2\repository\org\seleniumhq\selenium\selenium-api\3.14.0\selenium-api-3.14.0.jar;C:\Users\amit.yadav.ext\.m2\repository\org\seleniumhq\selenium\selenium-chrome-driver\3.14.0\selenium-chrome-driver-3.14.0.jar;C:\Users\amit.yadav.ext\.m2\repository\org\seleniumhq\selenium\selenium-edge-driver\3.14.0\selenium-edge-driver-3.14.0.jar;C:\Users\amit.yadav.ext\.m2\repository\org\seleniumhq\selenium\selenium-firefox-driver\3.14.0\selenium-firefox-driver-3.14.0.jar;C:\Users\amit.yadav.ext\.m2\repository\org\seleniumhq\selenium\selenium-ie-driver\3.14.0\selenium-ie-driver-3.14.0.jar;C:\Users\amit.yadav.ext\.m2\repository\org\seleniumhq\selenium\selenium-opera-driver\3.14.0\selenium-opera-driver-3.14.0.jar;C:\Users\amit.yadav.ext\.m2\repository\org\seleniumhq\selenium\selenium-remote-driver\3.14.0\selenium-remote-driver-3.14.0.jar;C:\Users\amit.yadav.ext\.m2\repository\org\seleniumhq\selenium\selenium-safari-driver\3.14.0\selenium-safari-driver-3.14.0.jar;C:\Users\amit.yadav.ext\.m2\repository\org\seleniumhq\selenium\selenium-support\3.14.0\selenium-support-3.14.0.jar;C:\Users\amit.yadav.ext\.m2\repository\net\bytebuddy\byte-buddy\1.8.15\byte-buddy-1.8.15.jar;C:\Users\amit.yadav.ext\.m2\repository\org\apache\commons\commons-exec\1.3\commons-exec-1.3.jar;C:\Users\amit.yadav.ext\.m2\repository\commons-codec\commons-codec\1.10\commons-codec-1.10.jar;C:\Users\amit.yadav.ext\.m2\repository\commons-logging\commons-logging\1.2\commons-logging-1.2.jar;C:\Users\amit.yadav.ext\.m2\repository\com\google\guava\guava\25.0-jre\guava-25.0-jre.jar;C:\Users\amit.yadav.ext\.m2\repository\com\google\code\findbugs\jsr305\1.3.9\jsr305-1.3.9.jar;C:\Users\amit.yadav.ext\.m2\repository\org\checkerframework\checker-compat-qual\2.0.0\checker-compat-qual-2.0.0.jar;C:\Users\amit.yadav.ext\.m2\repository\com\google\errorprone\error_prone_annotations\2.1.3\error_prone_annotations-2.1.3.jar;C:\Users\amit.yadav.ext\.m2\repository\com\google\j2objc\j2objc-annotations\1.1\j2objc-annotations-1.1.jar;C:\Users\amit.yadav.ext\.m2\repository\org\codehaus\mojo\animal-sniffer-annotations\1.14\animal-sniffer-annotations-1.14.jar;C:\Users\amit.yadav.ext\.m2\repository\org\apache\httpcomponents\httpclient\4.5.5\httpclient-4.5.5.jar;C:\Users\amit.yadav.ext\.m2\repository\org\apache\httpcomponents\httpcore\4.4.9\httpcore-4.4.9.jar;C:\Users\amit.yadav.ext\.m2\repository\com\squareup\okhttp3\okhttp\3.10.0\okhttp-3.10.0.jar;C:\Users\amit.yadav.ext\.m2\repository\com\squareup\okio\okio\1.14.1\okio-1.14.1.jar;C:\Users\amit.yadav.ext\.m2\repository\io\github\bonigarcia\webdrivermanager\5.5.3\webdrivermanager-5.5.3.jar;C:\Users\amit.yadav.ext\.m2\repository\org\slf4j\slf4j-api\2.0.7\slf4j-api-2.0.7.jar;C:\Users\amit.yadav.ext\.m2\repository\com\google\code\gson\gson\2.10.1\gson-2.10.1.jar;C:\Users\amit.yadav.ext\.m2\repository\com\github\docker-java\docker-java\3.3.3\docker-java-3.3.3.jar;C:\Users\amit.yadav.ext\.m2\repository\com\github\docker-java\docker-java-core\3.3.3\docker-java-core-3.3.3.jar;C:\Users\amit.yadav.ext\.m2\repository\com\github\docker-java\docker-java-api\3.3.3\docker-java-api-3.3.3.jar;C:\Users\amit.yadav.ext\.m2\repository\com\fasterxml\jackson\core\jackson-annotations\2.10.3\jackson-annotations-2.10.3.jar;C:\Users\amit.yadav.ext\.m2\repository\org\apache\commons\commons-compress\1.21\commons-compress-1.21.jar;C:\Users\amit.yadav.ext\.m2\repository\com\fasterxml\jackson\core\jackson-databind\2.10.3\jackson-databind-2.10.3.jar;C:\Users\amit.yadav.ext\.m2\repository\com\fasterxml\jackson\core\jackson-core\2.10.3\jackson-core-2.10.3.jar;C:\Users\amit.yadav.ext\.m2\repository\org\bouncycastle\bcpkix-jdk18on\1.75\bcpkix-jdk18on-1.75.jar;C:\Users\amit.yadav.ext\.m2\repository\org\bouncycastle\bcprov-jdk18on\1.75\bcprov-jdk18on-1.75.jar;C:\Users\amit.yadav.ext\.m2\repository\org\bouncycastle\bcutil-jdk18on\1.75\bcutil-jdk18on-1.75.jar;C:\Users\amit.yadav.ext\.m2\repository\org\slf4j\jcl-over-slf4j\1.7.30\jcl-over-slf4j-1.7.30.jar;C:\Users\amit.yadav.ext\.m2\repository\com\github\docker-java\docker-java-transport-httpclient5\3.3.3\docker-java-transport-httpclient5-3.3.3.jar;C:\Users\amit.yadav.ext\.m2\repository\com\github\docker-java\docker-java-transport\3.3.3\docker-java-transport-3.3.3.jar;C:\Users\amit.yadav.ext\.m2\repository\net\java\dev\jna\jna\5.12.1\jna-5.12.1.jar;C:\Users\amit.yadav.ext\.m2\repository\org\brotli\dec\0.1.2\dec-0.1.2.jar;C:\Users\amit.yadav.ext\.m2\repository\org\apache\httpcomponents\client5\httpclient5\5.2.1\httpclient5-5.2.1.jar;C:\Users\amit.yadav.ext\.m2\repository\org\apache\httpcomponents\core5\httpcore5\5.2\httpcore5-5.2.jar;C:\Users\amit.yadav.ext\.m2\repository\org\apache\httpcomponents\core5\httpcore5-h2\5.2\httpcore5-h2-5.2.jar;C:\Users\amit.yadav.ext\.m2\repository\org\testng\testng\6.14.3\testng-6.14.3.jar;C:\Users\amit.yadav.ext\.m2\repository\com\beust\jcommander\1.72\jcommander-1.72.jar;C:\Users\amit.yadav.ext\.m2\repository\org\apache-extras\beanshell\bsh\2.0b6\bsh-2.0b6.jar;C:\Users\amit.yadav.ext\.m2\repository\org\apache\poi\poi\3.17\poi-3.17.jar;C:\Users\amit.yadav.ext\.m2\repository\org\apache\commons\commons-collections4\4.1\commons-collections4-4.1.jar;C:\Users\amit.yadav.ext\.m2\repository\org\apache\poi\poi-ooxml\3.17\poi-ooxml-3.17.jar;C:\Users\amit.yadav.ext\.m2\repository\org\apache\poi\poi-ooxml-schemas\3.17\poi-ooxml-schemas-3.17.jar;C:\Users\amit.yadav.ext\.m2\repository\org\apache\xmlbeans\xmlbeans\2.6.0\xmlbeans-2.6.0.jar;C:\Users\amit.yadav.ext\.m2\repository\stax\stax-api\1.0.1\stax-api-1.0.1.jar;C:\Users\amit.yadav.ext\.m2\repository\com\github\virtuald\curvesapi\1.04\curvesapi-1.04.jar;C:\Users\amit.yadav.ext\.m2\repository\com\aventstack\extentreports\3.1.5\extentreports-3.1.5.jar;C:\Users\amit.yadav.ext\.m2\repository\org\freemarker\freemarker\2.3.23\freemarker-2.3.23.jar;C:\Users\amit.yadav.ext\.m2\repository\org\mongodb\mongodb-driver\3.3.0\mongodb-driver-3.3.0.jar;C:\Users\amit.yadav.ext\.m2\repository\org\mongodb\bson\3.3.0\bson-3.3.0.jar;C:\Users\amit.yadav.ext\.m2\repository\org\mongodb\mongodb-driver-core\3.3.0\mongodb-driver-core-3.3.0.jar;C:\Users\amit.yadav.ext\.m2\repository\org\apache\httpcomponents\httpmime\4.5.2\httpmime-4.5.2.jar;C:\Users\amit.yadav.ext\.m2\repository\org\jsoup\jsoup\1.9.2\jsoup-1.9.2.jar;C:\Users\amit.yadav.ext\.m2\repository\org\apache\commons\commons-lang3\3.12.0\commons-lang3-3.12.0.jar;C:\Users\amit.yadav.ext\.m2\repository\commons-io\commons-io\2.4\commons-io-2.4.jar;C:\Users\amit.yadav.ext\.m2\repository\org\sikuli\sikuli-api\1.2.0\sikuli-api-1.2.0.jar;C:\Users\amit.yadav.ext\.m2\repository\org\sikuli\sikuli-core\1.2.2\sikuli-core-1.2.2.jar;C:\Users\amit.yadav.ext\.m2\repository\org\bytedeco\javacpp\0.9\javacpp-0.9.jar;C:\Users\amit.yadav.ext\.m2\repository\org\bytedeco\javacpp-presets\opencv\2.4.9-0.9\opencv-2.4.9-0.9.jar;C:\Users\amit.yadav.ext\.m2\repository\org\piccolo2d\piccolo2d-extras\1.3.1\piccolo2d-extras-1.3.1.jar;C:\Users\amit.yadav.ext\.m2\repository\org\piccolo2d\piccolo2d-core\1.3.1\piccolo2d-core-1.3.1.jar;C:\Users\amit.yadav.ext\.m2\repository\log4j\log4j\1.2.17\log4j-1.2.17.jar;C:\Users\amit.yadav.ext\.m2\repository\org\springframework\spring-core\4.3.6.RELEASE\spring-core-4.3.6.RELEASE.jar;C:\Users\amit.yadav.ext\.m2\repository\org\springframework\spring-context\4.3.6.RELEASE\spring-context-4.3.6.RELEASE.jar;C:\Users\amit.yadav.ext\.m2\repository\org\springframework\spring-aop\4.3.6.RELEASE\spring-aop-4.3.6.RELEASE.jar;C:\Users\amit.yadav.ext\.m2\repository\org\springframework\spring-beans\4.3.6.RELEASE\spring-beans-4.3.6.RELEASE.jar;C:\Users\amit.yadav.ext\.m2\repository\org\springframework\spring-expression\4.3.6.RELEASE\spring-expression-4.3.6.RELEASE.jar;C:\Users\amit.yadav.ext\.m2\repository\org\springframework\spring-jdbc\4.3.6.RELEASE\spring-jdbc-4.3.6.RELEASE.jar;C:\Users\amit.yadav.ext\.m2\repository\org\springframework\spring-tx\4.3.6.RELEASE\spring-tx-4.3.6.RELEASE.jar;C:\Users\amit.yadav.ext\.m2\repository\com\mysql\mysql-connector-j\8.0.32\mysql-connector-j-8.0.32.jar;C:\Users\amit.yadav.ext\.m2\repository\com\google\protobuf\protobuf-java\3.21.9\protobuf-java-3.21.9.jar;C:\Users\amit.yadav.ext\.m2\repository\org\openjfx\javafx-controls\17\javafx-controls-17.jar;C:\Users\amit.yadav.ext\.m2\repository\org\openjfx\javafx-controls\17\javafx-controls-17-win.jar;C:\Users\amit.yadav.ext\.m2\repository\org\openjfx\javafx-graphics\17\javafx-graphics-17.jar;C:\Users\amit.yadav.ext\.m2\repository\org\openjfx\javafx-graphics\17\javafx-graphics-17-win.jar;C:\Users\amit.yadav.ext\.m2\repository\org\openjfx\javafx-base\17\javafx-base-17.jar;C:\Users\amit.yadav.ext\.m2\repository\org\openjfx\javafx-base\17\javafx-base-17-win.jar;"/>
    <property name="sun.cpu.endian" value="little"/>
    <property name="user.home" value="C:\Users\amit.yadav.ext"/>
    <property name="user.language" value="en"/>
    <property name="java.specification.vendor" value="Oracle Corporation"/>
    <property name="java.home" value="C:\Program Files\Java\jdk1.8.0_121\jre"/>
    <property name="basedir" value="C:\Users\amit.yadav.ext\git\selenium-studentportal"/>
    <property name="style.color" value="always"/>
    <property name="file.separator" value="\"/>
    <property name="line.separator" value="&#10;"/>
    <property name="java.vm.specification.vendor" value="Oracle Corporation"/>
    <property name="java.specification.name" value="Java Platform API Specification"/>
    <property name="java.awt.graphicsenv" value="sun.awt.Win32GraphicsEnvironment"/>
    <property name="surefire.real.class.path" value="C:\Users\amit.yadav.ext\AppData\Local\Temp\surefire3440830075707483056\surefirebooter-20240104125628938_3.jar"/>
    <property name="sun.boot.class.path" value="C:\Program Files\Java\jdk1.8.0_121\jre\lib\resources.jar;C:\Program Files\Java\jdk1.8.0_121\jre\lib\rt.jar;C:\Program Files\Java\jdk1.8.0_121\jre\lib\sunrsasign.jar;C:\Program Files\Java\jdk1.8.0_121\jre\lib\jsse.jar;C:\Program Files\Java\jdk1.8.0_121\jre\lib\jce.jar;C:\Program Files\Java\jdk1.8.0_121\jre\lib\charsets.jar;C:\Program Files\Java\jdk1.8.0_121\jre\lib\jfr.jar;C:\Program Files\Java\jdk1.8.0_121\jre\classes"/>
    <property name="user.script" value=""/>
    <property name="sun.management.compiler" value="HotSpot 64-Bit Tiered Compilers"/>
    <property name="java.runtime.version" value="1.8.0_121-b13"/>
    <property name="user.name" value="amit.yadav.EXT"/>
    <property name="path.separator" value=";"/>
    <property name="os.version" value="10.0"/>
    <property name="java.endorsed.dirs" value="C:\Program Files\Java\jdk1.8.0_121\jre\lib\endorsed"/>
    <property name="java.runtime.name" value="Java(TM) SE Runtime Environment"/>
    <property name="file.encoding" value="Cp1252"/>
    <property name="java.vm.name" value="Java HotSpot(TM) 64-Bit Server VM"/>
    <property name="localRepository" value="C:\Users\amit.yadav.ext\.m2\repository"/>
    <property name="java.vendor.url.bug" value="http://bugreport.sun.com/bugreport/"/>
    <property name="java.io.tmpdir" value="C:\Users\AMITYA~1.EXT\AppData\Local\Temp\"/>
    <property name="java.version" value="1.8.0_121"/>
    <property name="user.dir" value="C:\Users\amit.yadav.ext\git\selenium-studentportal"/>
    <property name="os.arch" value="amd64"/>
    <property name="java.vm.specification.name" value="Java Virtual Machine Specification"/>
    <property name="java.awt.printerjob" value="sun.awt.windows.WPrinterJob"/>
    <property name="sun.os.patch.level" value=""/>
    <property name="java.library.path" value="C:\Program Files\Java\jdk1.8.0_121\jre\bin;C:\WINDOWS\Sun\Java\bin;C:\WINDOWS\system32;C:\WINDOWS;C:/Program Files/Java/jre1.8.0_121/bin/server;C:/Program Files/Java/jre1.8.0_121/bin;C:/Program Files/Java/jre1.8.0_121/lib/amd64;C:\Python312\Scripts\;C:\Python312\;C:\ProgramData\Oracle\Java\javapath;C:\WINDOWS\system32;C:\WINDOWS;C:\WINDOWS\System32\Wbem;C:\WINDOWS\System32\WindowsPowerShell\v1.0\;C:\WINDOWS\System32\OpenSSH\;C:\Program Files\dotnet\;C:\Program Files\Docker\Docker\resources\bin;C:\Program Files\Git\cmd;C:\Program Files\nodejs\;C:\ProgramData\chocolatey\bin;C:\Users\amit.yadav.ext\AppData\Local\Microsoft\WindowsApps;C:\Users\amit.yadav.ext\AppData\Local\Programs\Microsoft VS Code\bin;C:\Program Files\Java\jdk1.8.0_121\bin;D:\JforceSoftwares\apache-maven-3.8.1\bin;C:\Users\amit.yadav.ext\AppData\Roaming\npm;C:\Users\amit.yadav.ext\AppData\Local\GitHubDesktop\bin;D:\Jforce\Software New\sts-4.6.2.RELEASE;;."/>
    <property name="java.vm.info" value="mixed mode"/>
    <property name="java.vendor" value="Oracle Corporation"/>
    <property name="java.vm.version" value="25.121-b13"/>
    <property name="java.ext.dirs" value="C:\Program Files\Java\jdk1.8.0_121\jre\lib\ext;C:\WINDOWS\Sun\Java\lib\ext"/>
    <property name="sun.io.unicode.encoding" value="UnicodeLittle"/>
    <property name="java.class.version" value="52.0"/>
  </properties>
  <testcase name="ApplicableSubjectTest" classname="com.nmims.selenium.studentportal.testCase.TC_Subjects_00006" time="45.019">
    <system-out><![CDATA[...
... TestNG 6.14.3 by Cédric Beust (cedric@beust.com)
...

 INFO [main] (BaseClass.java:102)- Size of the cookies : 1
 INFO [main] (BaseClass.java:107)- Cookie Name  cookiesession1 Cookie Value  678B2867F4B3D4C91C43A2D7B656389B
 INFO [main] (Login.java:22)- page header title is WELCOME TO NGASCE STUDENT ZONE
 INFO [main] (Login.java:25)- page title is Welcome to Student Portal
 INFO [main] (Login.java:30)- Login page title is match
 Inside setUserName 77122558691
 INFO [main] (LoginPageObjectMethod.java:66)- Entered the UserId
 INFO [main] (LoginPageObjectMethod.java:68)- Entered the password
 INFO [main] (LoginPageObjectMethod.java:70)- Click on the login button 
 INFO [main] (TC_Subjects_00006.java:50)- Successfully verify login
 INFO [main] (SideBarMenuTest.java:34)- Start to validate side-bar menue
 INFO [main] (TC_Subjects_00006.java:55)- Validate the side-bar menu
 INFO [main] (TC_Subjects_00006.java:65)- Student registration year and month 2023-Jul
 INFO [main] (TC_Subjects_00006.java:72)- Check the Acad Year or Month 2023-Jul
 INFO [main] (TC_Subjects_00006.java:81)- suject visible on the UI[IT Project Management, IT Infrastructure Management, Fundamentals of Big Data & Business Analytics, Emerging Technologies: IoT, Augmented Reality, Virtual Reality, E-Business, Cloud Computing]
 INFO [main] (TC_Subjects_00006.java:86)- Get student sem and consumerProgramStructureId
 INFO [main] (TC_Subjects_00006.java:90)- applicableCurrentSubject [Cloud Computing, E-Business, Emerging Technologies: IoT, Augmented Reality, Virtual Reality, Fundamentals of Big Data & Business Analytics, IT Infrastructure Management, IT Project Management]
 INFO [main] (TC_Subjects_00006.java:101)- Ongoing Subject is matched from the UI
 INFO [main] (TC_Subjects_00006.java:111)- Backlog SubjectList From the UI 
 INFO [main] (TC_Subjects_00006.java:114)- []
 INFO [main] (TC_Subjects_00006.java:116)- Expected Backlog Subject List  
 INFO [main] (TC_Subjects_00006.java:123)- [Business Economics, Financial Accounting & Analysis, Business Communication, Business Law, Decision Science, Essentials of HRM, Operations Management, Strategic Management]
 INFO [main] (TC_Subjects_00006.java:146)- Backlog Subjects matched [Business Economics, Financial Accounting & Analysis, Business Communication, Business Law, Decision Science, Essentials of HRM, Operations Management, Strategic Management]
]]></system-out>
    <system-err><![CDATA[SLF4J: No SLF4J providers were found.
SLF4J: Defaulting to no-operation (NOP) logger implementation
SLF4J: See https://www.slf4j.org/codes.html#noProviders for further details.
Loading class `com.mysql.jdbc.Driver'. This is deprecated. The new driver class is `com.mysql.cj.jdbc.Driver'. The driver is automatically registered via the SPI and manual loading of the driver class is generally unnecessary.
Starting ChromeDriver 120.0.6099.109 (3419140ab665596f21b385ce136419fde0924272-refs/branch-heads/6099@{#1483}) on port 41617
Only local connections are allowed.
Please see https://chromedriver.chromium.org/security-considerations for suggestions on keeping ChromeDriver safe.
ChromeDriver was started successfully.
Jan 04, 2024 12:56:32 PM org.openqa.selenium.remote.ProtocolHandshake createSession
INFO: Detected dialect: W3C
]]></system-err>
  </testcase>
</testsuite>