<?xml version="1.0" encoding="UTF-8"?>
<!-- Generated by org.testng.reporters.JUnitReportReporter -->
<testsuite hostname="DESKTOP-HKLU73H" failures="0" tests="1" name="com.nmims.selenium.studentportal.testCase.TC_SingleStudentDetails_00002" time="7.911" errors="0" timestamp="24 Sep 2023 14:43:11 GMT" skipped="0">
  <testcase classname="com.nmims.selenium.studentportal.testCase.TC_SingleStudentDetails_00002" name="singleStudentAllData" time="7.911"/>
</testsuite> <!-- com.nmims.selenium.studentportal.testCase.TC_SingleStudentDetails_00002 -->
