<?xml version="1.0" encoding="UTF-8"?>
<!-- Generated by org.testng.reporters.JUnitReportReporter -->
<testsuite hostname="DESKTOP-HKLU73H" failures="0" tests="1" name="com.nmims.selenium.studentportal.testCase.TC_StudenBasicInfo_00004" time="7.199" errors="0" timestamp="05 Nov 2023 03:48:45 GMT" skipped="0">
  <testcase classname="com.nmims.selenium.studentportal.testCase.TC_StudenBasicInfo_00004" name="studentDetailsTest" time="7.199"/>
</testsuite> <!-- com.nmims.selenium.studentportal.testCase.TC_StudenBasicInfo_00004 -->
