<?xml version="1.0" encoding="UTF-8"?>
<!-- Generated by org.testng.reporters.JUnitReportReporter -->
<testsuite hostname="DESKTOP-HKLU73H" failures="0" tests="1" name="com.nmims.selenium.studentportal.testCase.TC_CurrentAssignment_00009" time="20.049" errors="0" timestamp="29 Sep 2023 13:00:31 GMT" skipped="0">
  <testcase classname="com.nmims.selenium.studentportal.testCase.TC_CurrentAssignment_00009" name="currentAssignmetTest" time="20.049"/>
</testsuite> <!-- com.nmims.selenium.studentportal.testCase.TC_CurrentAssignment_00009 -->
