<?xml version="1.0" encoding="UTF-8"?>
<!-- Generated by org.testng.reporters.JUnitReportReporter -->
<testsuite hostname="DESKTOP-HKLU73H" failures="0" tests="1" name="com.nmims.selenium.studentportal.testutil.LoginTestutil" time="7.920" errors="0" timestamp="30 Sep 2023 05:01:25 GMT" skipped="0">
  <testcase classname="com.nmims.selenium.studentportal.testutil.LoginTestutil" name="loginTest" time="7.920"/>
</testsuite> <!-- com.nmims.selenium.studentportal.testutil.LoginTestutil -->
