<?xml version="1.0" encoding="UTF-8"?>
<!-- Generated by org.testng.reporters.JUnitReportReporter -->
<testsuite hostname="DESKTOP-HKLU73H" failures="0" tests="1" name="com.nmims.selenium.studentportal.testCase.TC_OngoingSubject_00006" time="45.387" errors="0" timestamp="26 Sep 2023 16:21:10 GMT" skipped="0">
  <testcase classname="com.nmims.selenium.studentportal.testCase.TC_OngoingSubject_00006" name="ongoingSubject" time="45.387"/>
</testsuite> <!-- com.nmims.selenium.studentportal.testCase.TC_OngoingSubject_00006 -->
