<?xml version="1.0" encoding="UTF-8"?>
<!-- Generated by org.testng.reporters.JUnitReportReporter -->
<testsuite hostname="DESKTOP-HKLU73H" failures="0" tests="1" name="com.nmims.selenium.studentportal.testCase.TC_LoginTest_00001" time="23.263" errors="0" timestamp="10 Nov 2023 10:00:40 GMT" skipped="0">
  <testcase classname="com.nmims.selenium.studentportal.testCase.TC_LoginTest_00001" name="loginTest" time="23.263"/>
</testsuite> <!-- com.nmims.selenium.studentportal.testCase.TC_LoginTest_00001 -->
