<?xml version="1.0" encoding="UTF-8"?>
<!-- Generated by org.testng.reporters.JUnitReportReporter -->
<testsuite hostname="DESKTOP-HKLU73H" failures="0" tests="1" name="com.nmims.selenium.studentportal.testutil.LoginTestutil" time="5.945" errors="0" timestamp="19 Sep 2023 16:44:07 GMT" skipped="0">
  <testcase classname="com.nmims.selenium.studentportal.testutil.LoginTestutil" name="loginTest" time="5.945"/>
</testsuite> <!-- com.nmims.selenium.studentportal.testutil.LoginTestutil -->
