<?xml version="1.0" encoding="UTF-8"?>
<!-- Generated by org.testng.reporters.JUnitReportReporter -->
<testsuite hostname="DESKTOP-HKLU73H" failures="0" tests="1" name="com.nmims.selenium.studentportal.testCase.TC_Subjects_00006" time="9.895" errors="0" timestamp="01 Oct 2023 12:02:53 GMT" skipped="0">
  <testcase classname="com.nmims.selenium.studentportal.testCase.TC_Subjects_00006" name="ongoingSubjectTest" time="9.895"/>
</testsuite> <!-- com.nmims.selenium.studentportal.testCase.TC_Subjects_00006 -->
