<?xml version="1.0" encoding="UTF-8"?>
<!-- Generated by org.testng.reporters.JUnitReportReporter -->
<testsuite hostname="DESKTOP-HKLU73H" failures="0" tests="1" name="com.nmims.selenium.studentportal.testCase.TC_StudenBasicInfo00004" time="12.133" errors="0" timestamp="18 Sep 2023 15:57:04 GMT" skipped="0">
  <testcase classname="com.nmims.selenium.studentportal.testCase.TC_StudenBasicInfo00004" name="studentDetailsTest" time="12.133"/>
</testsuite> <!-- com.nmims.selenium.studentportal.testCase.TC_StudenBasicInfo00004 -->
