<?xml version="1.0" encoding="UTF-8"?>
<!-- Generated by org.testng.reporters.JUnitReportReporter -->
<testsuite hostname="DESKTOP-HKLU73H" failures="0" tests="1" name="com.nmims.selenium.studentportal.testutil.Login" time="1.002" errors="0" timestamp="04 Nov 2023 10:20:14 GMT" skipped="0">
  <testcase classname="com.nmims.selenium.studentportal.testutil.Login" name="commanLogin" time="1.002"/>
</testsuite> <!-- com.nmims.selenium.studentportal.testutil.Login -->
