<?xml version="1.0" encoding="UTF-8"?>
<!-- Generated by org.testng.reporters.JUnitReportReporter -->
<testsuite hostname="DESKTOP-HKLU73H" failures="0" tests="1" name="com.nmims.selenium.studentportal.TakingScreenshortAllPage.TakingScreenShortAllPages" time="53.611" errors="0" timestamp="21 Apr 2024 03:43:20 GMT" skipped="0">
  <testcase classname="com.nmims.selenium.studentportal.TakingScreenshortAllPage.TakingScreenShortAllPages" name="prtalScreenshors" time="53.611"/>
</testsuite> <!-- com.nmims.selenium.studentportal.TakingScreenshortAllPage.TakingScreenShortAllPages -->
