<?xml version="1.0" encoding="UTF-8"?>
<!-- Generated by org.testng.reporters.JUnitReportReporter -->
<testsuite hostname="DESKTOP-HKLU73H" failures="0" tests="1" name="com.nmims.selenium.studentportal.testutil.LoginTestutil" time="10.238" errors="0" timestamp="24 Sep 2023 14:43:11 GMT" skipped="0">
  <testcase classname="com.nmims.selenium.studentportal.testutil.LoginTestutil" name="loginTest" time="10.238"/>
</testsuite> <!-- com.nmims.selenium.studentportal.testutil.LoginTestutil -->
