<?xml version="1.0" encoding="UTF-8"?>
<!-- Generated by org.testng.reporters.JUnitReportReporter -->
<testsuite hostname="DESKTOP-HKLU73H" failures="0" tests="1" name="com.nmims.selenium.studentportal.testCase.TC_LoginTest_00001" time="16.209" errors="0" timestamp="08 Oct 2023 04:26:23 GMT" skipped="0">
  <testcase classname="com.nmims.selenium.studentportal.testCase.TC_LoginTest_00001" name="loginTest" time="16.209"/>
</testsuite> <!-- com.nmims.selenium.studentportal.testCase.TC_LoginTest_00001 -->
