<?xml version="1.0" encoding="UTF-8"?>
<!-- Generated by org.testng.reporters.JUnitReportReporter -->
<testsuite hostname="DESKTOP-HKLU73H" failures="0" tests="1" name="com.nmims.selenium.studentportal.testCase.TC_StudenBasicInfo_00004" time="23.142" errors="0" timestamp="10 Nov 2023 10:00:40 GMT" skipped="0">
  <testcase classname="com.nmims.selenium.studentportal.testCase.TC_StudenBasicInfo_00004" name="studentDetailsTest" time="23.142"/>
</testsuite> <!-- com.nmims.selenium.studentportal.testCase.TC_StudenBasicInfo_00004 -->
