<?xml version="1.0" encoding="UTF-8"?>
<!-- Generated by org.testng.reporters.JUnitReportReporter -->
<testsuite hostname="DESKTOP-HKLU73H" failures="0" tests="1" name="com.nmims.selenium.studentportal.testCase.TC_Subjects_00006" time="14.332" errors="0" timestamp="10 Nov 2023 08:46:19 GMT" skipped="0">
  <testcase classname="com.nmims.selenium.studentportal.testCase.TC_Subjects_00006" name="ongoingSubjectTest" time="14.332"/>
</testsuite> <!-- com.nmims.selenium.studentportal.testCase.TC_Subjects_00006 -->
