<?xml version="1.0" encoding="UTF-8"?>
<!-- Generated by org.testng.reporters.JUnitReportReporter -->
<testsuite hostname="DESKTOP-HKLU73H" failures="0" tests="1" name="com.nmims.selenium.studentportal.testCase.TC_OngoingSubject00006" time="36.120" errors="0" timestamp="23 Sep 2023 04:13:36 GMT" skipped="0">
  <testcase classname="com.nmims.selenium.studentportal.testCase.TC_OngoingSubject00006" name="ongoingSubject" time="36.120"/>
</testsuite> <!-- com.nmims.selenium.studentportal.testCase.TC_OngoingSubject00006 -->
