<?xml version="1.0" encoding="UTF-8"?>
<!-- Generated by org.testng.reporters.JUnitReportReporter -->
<testsuite hostname="DESKTOP-HKLU73H" failures="0" tests="1" name="com.nmims.selenium.studentportal.testCase.TC_LoginTest_00001" time="13.846" errors="0" timestamp="02 Oct 2023 03:57:32 GMT" skipped="0">
  <testcase classname="com.nmims.selenium.studentportal.testCase.TC_LoginTest_00001" name="loginTest" time="13.846"/>
</testsuite> <!-- com.nmims.selenium.studentportal.testCase.TC_LoginTest_00001 -->
