<?xml version="1.0" encoding="UTF-8"?>
<!-- Generated by org.testng.reporters.JUnitReportReporter -->
<testsuite skipped="0" hostname="MUM16123CPU2825" name="com.nmims.selenium.studentportal.testCase.TC_CurrentAssignment_00009" tests="1" failures="0" timestamp="14 Dec 2023 08:57:52 GMT" time="3.383" errors="0">
  <testcase name="currentAssignmetTest" time="3.383" classname="com.nmims.selenium.studentportal.testCase.TC_CurrentAssignment_00009"/>
</testsuite> <!-- com.nmims.selenium.studentportal.testCase.TC_CurrentAssignment_00009 -->
