<?xml version="1.0" encoding="UTF-8"?>
<!-- Generated by org.testng.reporters.JUnitReportReporter -->
<testsuite skipped="0" hostname="MUM16123CPU2825" name="com.nmims.selenium.studentportal.testCase.TC_StudenBasicInfo_00004" tests="1" failures="0" timestamp="01 Jan 2024 08:30:09 GMT" time="5.495" errors="0">
  <testcase name="studentDetailsTest" time="5.495" classname="com.nmims.selenium.studentportal.testCase.TC_StudenBasicInfo_00004"/>
</testsuite> <!-- com.nmims.selenium.studentportal.testCase.TC_StudenBasicInfo_00004 -->
