<?xml version="1.0" encoding="UTF-8"?>
<!-- Generated by org.testng.reporters.JUnitReportReporter -->
<testsuite skipped="0" hostname="MUM16123CPU2825" name="com.nmims.selenium.studentportal.testCase.TC_CurrentAssignment_00009" tests="1" failures="0" timestamp="01 Jan 2024 11:46:22 GMT" time="14.800" errors="0">
  <testcase name="currentAssignmetTest" time="14.800" classname="com.nmims.selenium.studentportal.testCase.TC_CurrentAssignment_00009"/>
</testsuite> <!-- com.nmims.selenium.studentportal.testCase.TC_CurrentAssignment_00009 -->
