<?xml version="1.0" encoding="UTF-8"?>
<!-- Generated by org.testng.reporters.JUnitReportReporter -->
<testsuite hostname="DESKTOP-HKLU73H" failures="0" tests="1" name="com.nmims.selenium.studentportal.testCase.TC_StudenBasicInfo00004" time="9.701" errors="0" timestamp="19 Sep 2023 03:02:37 GMT" skipped="0">
  <testcase classname="com.nmims.selenium.studentportal.testCase.TC_StudenBasicInfo00004" name="studentDetailsTest" time="9.701"/>
</testsuite> <!-- com.nmims.selenium.studentportal.testCase.TC_StudenBasicInfo00004 -->
