<?xml version="1.0" encoding="UTF-8"?>
<!-- Generated by org.testng.reporters.JUnitReportReporter -->
<testsuite skipped="0" hostname="MUM16123CPU2825" name="com.nmims.selenium.studentportal.testCase.TC_SideBarMenuTest_00010" tests="1" failures="0" timestamp="15 Dec 2023 09:55:55 GMT" time="3.779" errors="0">
  <testcase name="sideBarMenueIconsTest" time="3.779" classname="com.nmims.selenium.studentportal.testCase.TC_SideBarMenuTest_00010"/>
</testsuite> <!-- com.nmims.selenium.studentportal.testCase.TC_SideBarMenuTest_00010 -->
