<?xml version="1.0" encoding="UTF-8"?>
<!-- Generated by org.testng.reporters.JUnitReportReporter -->
<testsuite skipped="0" hostname="MUM16123CPU2825" name="com.nmims.selenium.studentportal.testCase.TC_Subjects_00006" tests="1" failures="0" timestamp="01 Jan 2024 11:46:22 GMT" time="43.803" errors="0">
  <testcase name="ApplicableSubjectTest" time="43.803" classname="com.nmims.selenium.studentportal.testCase.TC_Subjects_00006"/>
</testsuite> <!-- com.nmims.selenium.studentportal.testCase.TC_Subjects_00006 -->
