<?xml version="1.0" encoding="UTF-8"?>
<!-- Generated by org.testng.reporters.JUnitReportReporter -->
<testsuite skipped="0" hostname="MUM16123CPU2825" name="com.nmims.selenium.studentportal.testCase.TC_StudenBasicInfo_00004" tests="1" failures="0" timestamp="02 Jan 2024 08:42:51 GMT" time="17.694" errors="0">
  <testcase name="studentDetailsTest" time="17.694" classname="com.nmims.selenium.studentportal.testCase.TC_StudenBasicInfo_00004"/>
</testsuite> <!-- com.nmims.selenium.studentportal.testCase.TC_StudenBasicInfo_00004 -->
