<?xml version="1.0" encoding="UTF-8"?>
<!-- Generated by org.testng.reporters.JUnitReportReporter -->
<testsuite skipped="0" hostname="MUM16123CPU2825" name="com.nmims.selenium.studentportal.TakingScreenshortAllPage.TakingScreenShortAllPages" tests="1" failures="0" timestamp="23 Apr 2024 05:14:27 GMT" time="53.048" errors="0">
  <testcase name="prtalScreenshors" time="53.048" classname="com.nmims.selenium.studentportal.TakingScreenshortAllPage.TakingScreenShortAllPages"/>
</testsuite> <!-- com.nmims.selenium.studentportal.TakingScreenshortAllPage.TakingScreenShortAllPages -->
