<?xml version="1.0" encoding="UTF-8"?>
<!-- Generated by org.testng.reporters.JUnitReportReporter -->
<testsuite skipped="0" hostname="MUM16123CPU2825" name="com.nmims.selenium.studentportal.testCase.TC_Subjects_00006" tests="1" failures="0" timestamp="04 Jan 2024 07:27:18 GMT" time="45.014" errors="0">
  <testcase name="ApplicableSubjectTest" time="45.014" classname="com.nmims.selenium.studentportal.testCase.TC_Subjects_00006"/>
</testsuite> <!-- com.nmims.selenium.studentportal.testCase.TC_Subjects_00006 -->
