<?xml version="1.0" encoding="UTF-8"?>
<!-- Generated by org.testng.reporters.JUnitReportReporter -->
<testsuite hostname="DESKTOP-HKLU73H" failures="0" tests="1" name="com.selenium.studentportal.testCase.TC_LoginTest_00001" time="16.146" errors="0" timestamp="03 Sep 2023 12:12:17 GMT" skipped="0">
  <testcase classname="com.selenium.studentportal.testCase.TC_LoginTest_00001" name="loginTest" time="16.146"/>
</testsuite> <!-- com.selenium.studentportal.testCase.TC_LoginTest_00001 -->
