<?xml version="1.0" encoding="UTF-8"?>
<!-- Generated by org.testng.reporters.JUnitReportReporter -->
<testsuite skipped="0" hostname="MUM16123CPU2825" name="com.nmims.selenium.studentportal.TakingScreenshortAllPage.TakingScreenShortAllPages" tests="2" failures="0" timestamp="08 May 2024 12:09:30 GMT" time="99.545" errors="0">
  <testcase name="prtalScreenshors" time="60.361" classname="com.nmims.selenium.studentportal.TakingScreenshortAllPage.TakingScreenShortAllPages"/>
  <testcase name="assignment" time="39.184" classname="com.nmims.selenium.studentportal.TakingScreenshortAllPage.TakingScreenShortAllPages"/>
</testsuite> <!-- com.nmims.selenium.studentportal.TakingScreenshortAllPage.TakingScreenShortAllPages -->
