<?xml version="1.0" encoding="UTF-8"?>
<!-- Generated by org.testng.reporters.JUnitReportReporter -->
<testsuite skipped="0" hostname="MUM16123CPU2825" name="com.nmims.selenium.studentportal.TakingScreenshortAllPage.TakingScreenShortAllPages" tests="1" failures="0" timestamp="03 May 2024 03:36:27 GMT" time="54.643" errors="0">
  <testcase name="prtalScreenshors" time="54.643" classname="com.nmims.selenium.studentportal.TakingScreenshortAllPage.TakingScreenShortAllPages"/>
</testsuite> <!-- com.nmims.selenium.studentportal.TakingScreenshortAllPage.TakingScreenShortAllPages -->
