<?xml version="1.0" encoding="UTF-8"?>
<!-- Generated by org.testng.reporters.JUnitReportReporter -->
<testsuite skipped="0" hostname="MUM16123CPU2825" name="com.nmims.selenium.studentportal.testCase.TC_Subjects_00006" tests="1" failures="1" timestamp="04 Jan 2024 08:30:48 GMT" time="17.185" errors="0">
  <testcase name="ApplicableSubjectTest" time="17.185" classname="com.nmims.selenium.studentportal.testCase.TC_Subjects_00006">
    <failure type="java.lang.AssertionError" message="Sets differ: expected [1 Capital Market and Portfolio Management, 2 Business: Ethics, Governance &amp; Risk, 3 International Finance, 4 Taxation- Direct and Indirect, 5 Financial Institutions and Markets, 6 Strategic Financial Management] but got [Decision Science, Capital Market and Portfolio Management, Taxation- Direct and Indirect, Business: Ethics, Governance &amp; Risk, Financial Institutions and Markets, International Finance, Project, Research Methodology, Strategic Financial Management]">
      <![CDATA[java.lang.AssertionError: Sets differ: expected [1 Capital Market and Portfolio Management, 2 Business: Ethics, Governance & Risk, 3 International Finance, 4 Taxation- Direct and Indirect, 5 Financial Institutions and Markets, 6 Strategic Financial Management] but got [Decision Science, Capital Market and Portfolio Management, Taxation- Direct and Indirect, Business: Ethics, Governance & Risk, Financial Institutions and Markets, International Finance, Project, Research Methodology, Strategic Financial Management]
at org.testng.Assert.fail(Assert.java:96)
at org.testng.Assert.assertEquals(Assert.java:1042)
at org.testng.Assert.assertEquals(Assert.java:1020)
at com.nmims.selenium.studentportal.testCase.TC_Subjects_00006.ApplicableSubjectTest(TC_Subjects_00006.java:125)
at sun.reflect.NativeMethodAccessorImpl.invoke0(Native Method)
at sun.reflect.NativeMethodAccessorImpl.invoke(NativeMethodAccessorImpl.java:62)
at sun.reflect.DelegatingMethodAccessorImpl.invoke(DelegatingMethodAccessorImpl.java:43)
at java.lang.reflect.Method.invoke(Method.java:498)
at org.testng.internal.MethodInvocationHelper.invokeMethod(MethodInvocationHelper.java:124)
at org.testng.internal.Invoker.invokeMethod(Invoker.java:583)
at org.testng.internal.Invoker.invokeTestMethod(Invoker.java:719)
at org.testng.internal.Invoker.invokeTestMethods(Invoker.java:989)
at org.testng.internal.TestMethodWorker.invokeTestMethods(TestMethodWorker.java:125)
at org.testng.internal.TestMethodWorker.run(TestMethodWorker.java:109)
at org.testng.TestRunner.privateRun(TestRunner.java:648)
at org.testng.TestRunner.run(TestRunner.java:505)
at org.testng.SuiteRunner.runTest(SuiteRunner.java:455)
at org.testng.SuiteRunner.runSequentially(SuiteRunner.java:450)
at org.testng.SuiteRunner.privateRun(SuiteRunner.java:415)
at org.testng.SuiteRunner.run(SuiteRunner.java:364)
at org.testng.SuiteRunnerWorker.runSuite(SuiteRunnerWorker.java:52)
at org.testng.SuiteRunnerWorker.run(SuiteRunnerWorker.java:84)
at org.testng.TestNG.runSuitesSequentially(TestNG.java:1208)
at org.testng.TestNG.runSuitesLocally(TestNG.java:1137)
at org.testng.TestNG.runSuites(TestNG.java:1049)
at org.testng.TestNG.run(TestNG.java:1017)
at org.apache.maven.surefire.testng.TestNGExecutor.run(TestNGExecutor.java:308)
at org.apache.maven.surefire.testng.TestNGXmlTestSuite.execute(TestNGXmlTestSuite.java:71)
at org.apache.maven.surefire.testng.TestNGProvider.invoke(TestNGProvider.java:113)
at org.apache.maven.surefire.booter.ForkedBooter.runSuitesInProcess(ForkedBooter.java:385)
at org.apache.maven.surefire.booter.ForkedBooter.execute(ForkedBooter.java:162)
at org.apache.maven.surefire.booter.ForkedBooter.run(ForkedBooter.java:507)
at org.apache.maven.surefire.booter.ForkedBooter.main(ForkedBooter.java:495)
]]>
    </failure>
  </testcase> <!-- ApplicableSubjectTest -->
</testsuite> <!-- com.nmims.selenium.studentportal.testCase.TC_Subjects_00006 -->
